<?xml version="1.0" encoding="UTF-8"?>
<!-- Generated by org.testng.reporters.JUnitXMLReporter -->
<testsuite ignored="0" hostname="MSI" failures="1" tests="2" name="TestOnFirefox" time="18.151" errors="0" timestamp="2023-07-27T23:49:08 ART">
  <testcase classname="crowdar.Crowdar_Exercises.Exercise" name="AddItemsToCart" time="5.954">
    <failure type="java.lang.AssertionError" message="expected [true] but found [false]">
      <![CDATA[java.lang.AssertionError: expected [true] but found [false]
at crowdar.Crowdar_Exercises.Exercise.AddItemsToCart(Exercise.java:122)
at java.base/java.util.ArrayList.forEach(ArrayList.java:1511)
... Removed 29 stack frames]]>
    </failure>
  </testcase> <!-- AddItemsToCart -->
  <testcase classname="crowdar.Crowdar_Exercises.Exercise" name="LoginUserSuccessfully" time="5.428"/>
</testsuite> <!-- TestOnFirefox -->
