<?xml version="1.0" encoding="UTF-8"?>
<testng-results ignored="0" total="3" passed="2" failed="1" skipped="0">
  <reporter-output>
  </reporter-output>
  <suite started-at="2023-07-28T00:00:49 ART" name="Default suite" finished-at="2023-07-28T00:01:05 ART" duration-ms="16230">
    <groups>
    </groups>
    <test started-at="2023-07-28T00:00:49 ART" name="Default test" finished-at="2023-07-28T00:01:05 ART" duration-ms="16230">
      <class name="crowdar.Crowdar_Exercises.Exercise">
        <test-method is-config="true" signature="setUp(java.lang.String)[pri:0, instance:crowdar.Crowdar_Exercises.Exercise@6bf0219d]" started-at="2023-07-28T00:00:49 ART" name="setUp" finished-at="2023-07-28T00:00:51 ART" duration-ms="1759" status="PASS">
          <params>
            <param index="0">
              <value>
                <![CDATA[chrome]]>
              </value>
            </param>
          </params>
          <reporter-output>
          </reporter-output>
        </test-method> <!-- setUp -->
        <test-method signature="AddItemsToCart()[pri:0, instance:crowdar.Crowdar_Exercises.Exercise@6bf0219d]" started-at="2023-07-28T00:00:51 ART" name="AddItemsToCart" finished-at="2023-07-28T00:00:56 ART" duration-ms="5275" status="FAIL">
          <exception class="java.lang.AssertionError">
            <message>
              <![CDATA[expected [true] but found [false]]]>
            </message>
            <full-stacktrace>
              <![CDATA[java.lang.AssertionError: expected [true] but found [false]
at org.testng.Assert.fail(Assert.java:111)
at org.testng.Assert.failNotEquals(Assert.java:1578)
at org.testng.Assert.assertTrue(Assert.java:57)
at org.testng.Assert.assertTrue(Assert.java:67)
at crowdar.Crowdar_Exercises.Exercise.AddItemsToCart(Exercise.java:126)
at java.base/jdk.internal.reflect.DirectMethodHandleAccessor.invoke(DirectMethodHandleAccessor.java:104)
at java.base/java.lang.reflect.Method.invoke(Method.java:578)
at org.testng.internal.invokers.MethodInvocationHelper.invokeMethod(MethodInvocationHelper.java:139)
at org.testng.internal.invokers.TestInvoker.invokeMethod(TestInvoker.java:664)
at org.testng.internal.invokers.TestInvoker.invokeTestMethod(TestInvoker.java:227)
at org.testng.internal.invokers.MethodRunner.runInSequence(MethodRunner.java:50)
at org.testng.internal.invokers.TestInvoker$MethodInvocationAgent.invoke(TestInvoker.java:957)
at org.testng.internal.invokers.TestInvoker.invokeTestMethods(TestInvoker.java:200)
at org.testng.internal.invokers.TestMethodWorker.invokeTestMethods(TestMethodWorker.java:148)
at org.testng.internal.invokers.TestMethodWorker.run(TestMethodWorker.java:128)
at java.base/java.util.ArrayList.forEach(ArrayList.java:1511)
at org.testng.TestRunner.privateRun(TestRunner.java:848)
at org.testng.TestRunner.run(TestRunner.java:621)
at org.testng.SuiteRunner.runTest(SuiteRunner.java:443)
at org.testng.SuiteRunner.runSequentially(SuiteRunner.java:437)
at org.testng.SuiteRunner.privateRun(SuiteRunner.java:397)
at org.testng.SuiteRunner.run(SuiteRunner.java:336)
at org.testng.SuiteRunnerWorker.runSuite(SuiteRunnerWorker.java:52)
at org.testng.SuiteRunnerWorker.run(SuiteRunnerWorker.java:95)
at org.testng.TestNG.runSuitesSequentially(TestNG.java:1280)
at org.testng.TestNG.runSuitesLocally(TestNG.java:1200)
at org.testng.TestNG.runSuites(TestNG.java:1114)
at org.testng.TestNG.run(TestNG.java:1082)
at org.testng.remote.AbstractRemoteTestNG.run(AbstractRemoteTestNG.java:115)
at org.testng.remote.RemoteTestNG.initAndRun(RemoteTestNG.java:251)
at org.testng.remote.RemoteTestNG.main(RemoteTestNG.java:77)
]]>
            </full-stacktrace>
          </exception> <!-- java.lang.AssertionError -->
          <reporter-output>
          </reporter-output>
        </test-method> <!-- AddItemsToCart -->
        <test-method is-config="true" signature="tearDown()[pri:0, instance:crowdar.Crowdar_Exercises.Exercise@6bf0219d]" started-at="2023-07-28T00:00:56 ART" name="tearDown" finished-at="2023-07-28T00:00:56 ART" duration-ms="149" status="PASS">
          <reporter-output>
          </reporter-output>
        </test-method> <!-- tearDown -->
        <test-method is-config="true" signature="setUp(java.lang.String)[pri:0, instance:crowdar.Crowdar_Exercises.Exercise@6bf0219d]" started-at="2023-07-28T00:00:56 ART" name="setUp" finished-at="2023-07-28T00:00:58 ART" duration-ms="1190" status="PASS">
          <params>
            <param index="0">
              <value>
                <![CDATA[chrome]]>
              </value>
            </param>
          </params>
          <reporter-output>
          </reporter-output>
        </test-method> <!-- setUp -->
        <test-method signature="LoginUserSuccessfully()[pri:0, instance:crowdar.Crowdar_Exercises.Exercise@6bf0219d]" started-at="2023-07-28T00:00:58 ART" name="LoginUserSuccessfully" finished-at="2023-07-28T00:01:03 ART" duration-ms="5317" status="PASS">
          <reporter-output>
          </reporter-output>
        </test-method> <!-- LoginUserSuccessfully -->
        <test-method is-config="true" signature="tearDown()[pri:0, instance:crowdar.Crowdar_Exercises.Exercise@6bf0219d]" started-at="2023-07-28T00:01:03 ART" name="tearDown" finished-at="2023-07-28T00:01:03 ART" duration-ms="124" status="PASS">
          <reporter-output>
          </reporter-output>
        </test-method> <!-- tearDown -->
        <test-method is-config="true" signature="setUp(java.lang.String)[pri:0, instance:crowdar.Crowdar_Exercises.Exercise@6bf0219d]" started-at="2023-07-28T00:01:03 ART" name="setUp" finished-at="2023-07-28T00:01:04 ART" duration-ms="1221" status="PASS">
          <params>
            <param index="0">
              <value>
                <![CDATA[chrome]]>
              </value>
            </param>
          </params>
          <reporter-output>
          </reporter-output>
        </test-method> <!-- setUp -->
        <test-method signature="verifyDepartmentsExist()[pri:0, instance:crowdar.Crowdar_Exercises.Exercise@6bf0219d]" started-at="2023-07-28T00:01:04 ART" name="verifyDepartmentsExist" finished-at="2023-07-28T00:01:05 ART" duration-ms="1044" status="PASS">
          <reporter-output>
          </reporter-output>
        </test-method> <!-- verifyDepartmentsExist -->
        <test-method is-config="true" signature="tearDown()[pri:0, instance:crowdar.Crowdar_Exercises.Exercise@6bf0219d]" started-at="2023-07-28T00:01:05 ART" name="tearDown" finished-at="2023-07-28T00:01:05 ART" duration-ms="126" status="PASS">
          <reporter-output>
          </reporter-output>
        </test-method> <!-- tearDown -->
      </class> <!-- crowdar.Crowdar_Exercises.Exercise -->
    </test> <!-- Default test -->
  </suite> <!-- Default suite -->
</testng-results>
